# JRE version: OpenJDK Runtime Environment (7.0_75-b13) (build 1.7.0_75-b13)
# Java VM: OpenJDK Server VM (24.75-b04 mixed mode linux-x86 )
Heap
 PSYoungGen      total 34304K, used 3830K [0x9dbc0000, 0xa0140000, 0xb3140000)
  eden space 30464K, 0% used [0x9dbc0000,0x9dbc0000,0x9f980000)
  from space 3840K, 99% used [0x9f980000,0x9fd3d908,0x9fd40000)
  to   space 3584K, 0% used [0x9fd40000,0x9fd40000,0xa00c0000)
 ParOldGen       total 19968K, used 12118K [0x73140000, 0x744c0000, 0x9dbc0000)
  object space 19968K, 60% used [0x73140000,0x73d159d8,0x744c0000)
 PSPermGen       total 16384K, used 3966K [0x6b140000, 0x6c140000, 0x73140000)
  object space 16384K, 24% used [0x6b140000,0x6b51fbe8,0x6c140000)
GC Heap History (10 events):
Event: 2.396 GC heap after
Heap after GC invocations=2 (full 0):
 PSYoungGen      total 8960K, used 1274K [0x9dbc0000, 0x9e5c0000, 0xb3140000)
  eden space 7680K, 0% used [0x9dbc0000,0x9dbc0000,0x9e340000)
  from space 1280K, 99% used [0x9e480000,0x9e5bead0,0x9e5c0000)
  to   space 1280K, 0% used [0x9e340000,0x9e340000,0x9e480000)
 ParOldGen       total 19968K, used 2334K [0x73140000, 0x744c0000, 0x9dbc0000)
  object space 19968K, 11% used [0x73140000,0x73387900,0x744c0000)
 PSPermGen       total 16384K, used 3820K [0x6b140000, 0x6c140000, 0x73140000)
  object space 16384K, 23% used [0x6b140000,0x6b4fb0c0,0x6c140000)
}
Event: 3.072 GC heap before
{Heap before GC invocations=3 (full 0):
 PSYoungGen      total 8960K, used 8954K [0x9dbc0000, 0x9e5c0000, 0xb3140000)
  eden space 7680K, 100% used [0x9dbc0000,0x9e340000,0x9e340000)
  from space 1280K, 99% used [0x9e480000,0x9e5bead0,0x9e5c0000)
  to   space 1280K, 0% used [0x9e340000,0x9e340000,0x9e480000)
 ParOldGen       total 19968K, used 2334K [0x73140000, 0x744c0000, 0x9dbc0000)
  object space 19968K, 11% used [0x73140000,0x73387900,0x744c0000)
 PSPermGen       total 16384K, used 3901K [0x6b140000, 0x6c140000, 0x73140000)
  object space 16384K, 23% used [0x6b140000,0x6b50f7c0,0x6c140000)
Event: 3.117 GC heap after
Heap after GC invocations=3 (full 0):
 PSYoungGen      total 8960K, used 1264K [0x9dbc0000, 0x9ed40000, 0xb3140000)
  eden space 7680K, 0% used [0x9dbc0000,0x9dbc0000,0x9e340000)
  from space 1280K, 98% used [0x9e340000,0x9e47c010,0x9e480000)
  to   space 1280K, 0% used [0x9ec00000,0x9ec00000,0x9ed40000)
 ParOldGen       total 19968K, used 3740K [0x73140000, 0x744c0000, 0x9dbc0000)
  object space 19968K, 18% used [0x73140000,0x734e73a0,0x744c0000)
 PSPermGen       total 16384K, used 3901K [0x6b140000, 0x6c140000, 0x73140000)
  object space 16384K, 23% used [0x6b140000,0x6b50f7c0,0x6c140000)
}
Event: 3.367 GC heap before
{Heap before GC invocations=4 (full 0):
 PSYoungGen      total 8960K, used 8944K [0x9dbc0000, 0x9ed40000, 0xb3140000)
  eden space 7680K, 100% used [0x9dbc0000,0x9e340000,0x9e340000)
  from space 1280K, 98% used [0x9e340000,0x9e47c010,0x9e480000)
  to   space 1280K, 0% used [0x9ec00000,0x9ec00000,0x9ed40000)
 ParOldGen       total 19968K, used 3740K [0x73140000, 0x744c0000, 0x9dbc0000)
  object space 19968K, 18% used [0x73140000,0x734e73a0,0x744c0000)
 PSPermGen       total 16384K, used 3922K [0x6b140000, 0x6c140000, 0x73140000)
  object space 16384K, 23% used [0x6b140000,0x6b514958,0x6c140000)
Event: 3.382 GC heap after
Heap after GC invocations=4 (full 0):
 PSYoungGen      total 16640K, used 1264K [0x9dbc0000, 0x9ed40000, 0xb3140000)
  eden space 15360K, 0% used [0x9dbc0000,0x9dbc0000,0x9eac0000)
  from space 1280K, 98% used [0x9ec00000,0x9ed3c010,0x9ed40000)
  to   space 1280K, 0% used [0x9eac0000,0x9eac0000,0x9ec00000)
 ParOldGen       total 19968K, used 5073K [0x73140000, 0x744c0000, 0x9dbc0000)
  object space 19968K, 25% used [0x73140000,0x736346f0,0x744c0000)
 PSPermGen       total 16384K, used 3922K [0x6b140000, 0x6c140000, 0x73140000)
  object space 16384K, 23% used [0x6b140000,0x6b514958,0x6c140000)
}
Event: 3.933 GC heap before
{Heap before GC invocations=5 (full 0):
 PSYoungGen      total 16640K, used 16624K [0x9dbc0000, 0x9ed40000, 0xb3140000)
  eden space 15360K, 100% used [0x9dbc0000,0x9eac0000,0x9eac0000)
  from space 1280K, 98% used [0x9ec00000,0x9ed3c010,0x9ed40000)
  to   space 1280K, 0% used [0x9eac0000,0x9eac0000,0x9ec00000)
 ParOldGen       total 19968K, used 5073K [0x73140000, 0x744c0000, 0x9dbc0000)
  object space 19968K, 25% used [0x73140000,0x736346f0,0x744c0000)
 PSPermGen       total 16384K, used 3944K [0x6b140000, 0x6c140000, 0x73140000)
  object space 16384K, 24% used [0x6b140000,0x6b51a060,0x6c140000)
Event: 3.962 GC heap after
Heap after GC invocations=5 (full 0):
 PSYoungGen      total 16640K, used 1269K [0x9dbc0000, 0xa00c0000, 0xb3140000)
  eden space 15360K, 0% used [0x9dbc0000,0x9dbc0000,0x9eac0000)
  from space 1280K, 99% used [0x9eac0000,0x9ebfd450,0x9ec00000)
  to   space 3584K, 0% used [0x9fd40000,0x9fd40000,0xa00c0000)
 ParOldGen       total 19968K, used 7334K [0x73140000, 0x744c0000, 0x9dbc0000)
  object space 19968K, 36% used [0x73140000,0x73869900,0x744c0000)
 PSPermGen       total 16384K, used 3944K [0x6b140000, 0x6c140000, 0x73140000)
  object space 16384K, 24% used [0x6b140000,0x6b51a060,0x6c140000)
}
Event: 4.615 GC heap before
{Heap before GC invocations=6 (full 0):
 PSYoungGen      total 16640K, used 16629K [0x9dbc0000, 0xa00c0000, 0xb3140000)
  eden space 15360K, 100% used [0x9dbc0000,0x9eac0000,0x9eac0000)
  from space 1280K, 99% used [0x9eac0000,0x9ebfd450,0x9ec00000)
  to   space 3584K, 0% used [0x9fd40000,0x9fd40000,0xa00c0000)
 ParOldGen       total 19968K, used 7334K [0x73140000, 0x744c0000, 0x9dbc0000)
  object space 19968K, 36% used [0x73140000,0x73869900,0x744c0000)
 PSPermGen       total 16384K, used 3954K [0x6b140000, 0x6c140000, 0x73140000)
  object space 16384K, 24% used [0x6b140000,0x6b51c980,0x6c140000)
Event: 4.641 GC heap after
Heap after GC invocations=6 (full 0):
 PSYoungGen      total 34048K, used 3569K [0x9dbc0000, 0xa0140000, 0xb3140000)
  eden space 30464K, 0% used [0x9dbc0000,0x9dbc0000,0x9f980000)
  from space 3584K, 99% used [0x9fd40000,0xa00bc578,0xa00c0000)
  to   space 3840K, 0% used [0x9f980000,0x9f980000,0x9fd40000)
 ParOldGen       total 19968K, used 7430K [0x73140000, 0x744c0000, 0x9dbc0000)
  object space 19968K, 37% used [0x73140000,0x738818e0,0x744c0000)
 PSPermGen       total 16384K, used 3954K [0x6b140000, 0x6c140000, 0x73140000)
  object space 16384K, 24% used [0x6b140000,0x6b51c980,0x6c140000)
}
Event: 5.366 GC heap before
{Heap before GC invocations=7 (full 0):
 PSYoungGen      total 34048K, used 34033K [0x9dbc0000, 0xa0140000, 0xb3140000)
  eden space 30464K, 100% used [0x9dbc0000,0x9f980000,0x9f980000)
  from space 3584K, 99% used [0x9fd40000,0xa00bc578,0xa00c0000)
  to   space 3840K, 0% used [0x9f980000,0x9f980000,0x9fd40000)
 ParOldGen       total 19968K, used 7430K [0x73140000, 0x744c0000, 0x9dbc0000)
  object space 19968K, 37% used [0x73140000,0x738818e0,0x744c0000)
 PSPermGen       total 16384K, used 3966K [0x6b140000, 0x6c140000, 0x73140000)
  object space 16384K, 24% used [0x6b140000,0x6b51fbe8,0x6c140000)

