# JRE version: OpenJDK Runtime Environment (7.0_75-b13) (build 1.7.0_75-b13)
# Java VM: OpenJDK Server VM (24.75-b04 mixed mode linux-x86 )
Heap
 PSYoungGen      total 16640K, used 1272K [0x9dbc0000, 0x9ed40000, 0xb3140000)
  eden space 15360K, 0% used [0x9dbc0000,0x9dbc0000,0x9eac0000)
  from space 1280K, 99% used [0x9eac0000,0x9ebfe0f0,0x9ec00000)
  to   space 1280K, 0% used [0x9ec00000,0x9ec00000,0x9ed40000)
 ParOldGen       total 19968K, used 5086K [0x73140000, 0x744c0000, 0x9dbc0000)
  object space 19968K, 25% used [0x73140000,0x73637b08,0x744c0000)
 PSPermGen       total 16384K, used 3922K [0x6b140000, 0x6c140000, 0x73140000)
  object space 16384K, 23% used [0x6b140000,0x6b5149f8,0x6c140000)
GC Heap History (5 events):
Event: 3.006 GC heap before
{Heap before GC invocations=1 (full 0):
 PSYoungGen      total 8960K, used 7680K [0x9dbc0000, 0x9e5c0000, 0xb3140000)
  eden space 7680K, 100% used [0x9dbc0000,0x9e340000,0x9e340000)
  from space 1280K, 0% used [0x9e480000,0x9e480000,0x9e5c0000)
  to   space 1280K, 0% used [0x9e340000,0x9e340000,0x9e480000)
 ParOldGen       total 19968K, used 0K [0x73140000, 0x744c0000, 0x9dbc0000)
  object space 19968K, 0% used [0x73140000,0x73140000,0x744c0000)
 PSPermGen       total 16384K, used 3713K [0x6b140000, 0x6c140000, 0x73140000)
  object space 16384K, 22% used [0x6b140000,0x6b4e0428,0x6c140000)
Event: 3.178 GC heap after
Heap after GC invocations=1 (full 0):
 PSYoungGen      total 8960K, used 1276K [0x9dbc0000, 0x9ed40000, 0xb3140000)
  eden space 7680K, 0% used [0x9dbc0000,0x9dbc0000,0x9e340000)
  from space 1280K, 99% used [0x9e340000,0x9e47f1a0,0x9e480000)
  to   space 1280K, 0% used [0x9ec00000,0x9ec00000,0x9ed40000)
 ParOldGen       total 19968K, used 1296K [0x73140000, 0x744c0000, 0x9dbc0000)
  object space 19968K, 6% used [0x73140000,0x732841e0,0x744c0000)
 PSPermGen       total 16384K, used 3713K [0x6b140000, 0x6c140000, 0x73140000)
  object space 16384K, 22% used [0x6b140000,0x6b4e0428,0x6c140000)
}
Event: 3.700 GC heap before
{Heap before GC invocations=2 (full 0):
 PSYoungGen      total 8960K, used 8956K [0x9dbc0000, 0x9ed40000, 0xb3140000)
  eden space 7680K, 100% used [0x9dbc0000,0x9e340000,0x9e340000)
  from space 1280K, 99% used [0x9e340000,0x9e47f1a0,0x9e480000)
  to   space 1280K, 0% used [0x9ec00000,0x9ec00000,0x9ed40000)
 ParOldGen       total 19968K, used 1296K [0x73140000, 0x744c0000, 0x9dbc0000)
  object space 19968K, 6% used [0x73140000,0x732841e0,0x744c0000)
 PSPermGen       total 16384K, used 3820K [0x6b140000, 0x6c140000, 0x73140000)
  object space 16384K, 23% used [0x6b140000,0x6b4fb2c0,0x6c140000)
Event: 3.715 GC heap after
Heap after GC invocations=2 (full 0):
 PSYoungGen      total 16640K, used 1274K [0x9dbc0000, 0x9ed40000, 0xb3140000)
  eden space 15360K, 0% used [0x9dbc0000,0x9dbc0000,0x9eac0000)
  from space 1280K, 99% used [0x9ec00000,0x9ed3eba0,0x9ed40000)
  to   space 1280K, 0% used [0x9eac0000,0x9eac0000,0x9ec00000)
 ParOldGen       total 19968K, used 2348K [0x73140000, 0x744c0000, 0x9dbc0000)
  object space 19968K, 11% used [0x73140000,0x7338b390,0x744c0000)
 PSPermGen       total 16384K, used 3820K [0x6b140000, 0x6c140000, 0x73140000)
  object space 16384K, 23% used [0x6b140000,0x6b4fb2c0,0x6c140000)
}
Event: 8.651 GC heap before
{Heap before GC invocations=3 (full 0):
 PSYoungGen      total 16640K, used 16634K [0x9dbc0000, 0x9ed40000, 0xb3140000)
  eden space 15360K, 100% used [0x9dbc0000,0x9eac0000,0x9eac0000)
  from space 1280K, 99% used [0x9ec00000,0x9ed3eba0,0x9ed40000)
  to   space 1280K, 0% used [0x9eac0000,0x9eac0000,0x9ec00000)
 ParOldGen       total 19968K, used 2348K [0x73140000, 0x744c0000, 0x9dbc0000)
  object space 19968K, 11% used [0x73140000,0x7338b390,0x744c0000)
 PSPermGen       total 16384K, used 3922K [0x6b140000, 0x6c140000, 0x73140000)
  object space 16384K, 23% used [0x6b140000,0x6b5149f8,0x6c140000)

