# JRE version: OpenJDK Runtime Environment (7.0_75-b13) (build 1.7.0_75-b13)
# Java VM: OpenJDK Server VM (24.75-b04 mixed mode linux-x86 )
Heap
 PSYoungGen      total 34304K, used 4086K [0x9dbc0000, 0xa01c0000, 0xb3140000)
  eden space 30208K, 0% used [0x9dbc0000,0x9dbc0000,0x9f940000)
  from space 4096K, 99% used [0x9f940000,0x9fd3d908,0x9fd40000)
  to   space 3584K, 0% used [0x9fd40000,0x9fd40000,0xa00c0000)
 ParOldGen       total 19968K, used 11936K [0x73140000, 0x744c0000, 0x9dbc0000)
  object space 19968K, 59% used [0x73140000,0x73ce8158,0x744c0000)
 PSPermGen       total 16384K, used 3967K [0x6b140000, 0x6c140000, 0x73140000)
  object space 16384K, 24% used [0x6b140000,0x6b51fd50,0x6c140000)
GC Heap History (10 events):
Event: 2.422 GC heap after
Heap after GC invocations=2 (full 0):
 PSYoungGen      total 8960K, used 1274K [0x9dbc0000, 0x9ed40000, 0xb3140000)
  eden space 7680K, 0% used [0x9dbc0000,0x9dbc0000,0x9e340000)
  from space 1280K, 99% used [0x9e480000,0x9e5bebc0,0x9e5c0000)
  to   space 1280K, 0% used [0x9e340000,0x9e340000,0x9e480000)
 ParOldGen       total 19968K, used 2333K [0x73140000, 0x744c0000, 0x9dbc0000)
  object space 19968K, 11% used [0x73140000,0x733876d8,0x744c0000)
 PSPermGen       total 16384K, used 3819K [0x6b140000, 0x6c140000, 0x73140000)
  object space 16384K, 23% used [0x6b140000,0x6b4fafd8,0x6c140000)
}
Event: 2.829 GC heap before
{Heap before GC invocations=3 (full 0):
 PSYoungGen      total 8960K, used 8954K [0x9dbc0000, 0x9ed40000, 0xb3140000)
  eden space 7680K, 100% used [0x9dbc0000,0x9e340000,0x9e340000)
  from space 1280K, 99% used [0x9e480000,0x9e5bebc0,0x9e5c0000)
  to   space 1280K, 0% used [0x9e340000,0x9e340000,0x9e480000)
 ParOldGen       total 19968K, used 2333K [0x73140000, 0x744c0000, 0x9dbc0000)
  object space 19968K, 11% used [0x73140000,0x733876d8,0x744c0000)
 PSPermGen       total 16384K, used 3902K [0x6b140000, 0x6c140000, 0x73140000)
  object space 16384K, 23% used [0x6b140000,0x6b50f9c8,0x6c140000)
Event: 2.852 GC heap after
Heap after GC invocations=3 (full 0):
 PSYoungGen      total 8960K, used 1272K [0x9dbc0000, 0x9ed40000, 0xb3140000)
  eden space 7680K, 0% used [0x9dbc0000,0x9dbc0000,0x9e340000)
  from space 1280K, 99% used [0x9e340000,0x9e47e0d0,0x9e480000)
  to   space 1280K, 0% used [0x9ec00000,0x9ec00000,0x9ed40000)
 ParOldGen       total 19968K, used 3724K [0x73140000, 0x744c0000, 0x9dbc0000)
  object space 19968K, 18% used [0x73140000,0x734e3270,0x744c0000)
 PSPermGen       total 16384K, used 3902K [0x6b140000, 0x6c140000, 0x73140000)
  object space 16384K, 23% used [0x6b140000,0x6b50f9c8,0x6c140000)
}
Event: 3.178 GC heap before
{Heap before GC invocations=4 (full 0):
 PSYoungGen      total 8960K, used 8952K [0x9dbc0000, 0x9ed40000, 0xb3140000)
  eden space 7680K, 100% used [0x9dbc0000,0x9e340000,0x9e340000)
  from space 1280K, 99% used [0x9e340000,0x9e47e0d0,0x9e480000)
  to   space 1280K, 0% used [0x9ec00000,0x9ec00000,0x9ed40000)
 ParOldGen       total 19968K, used 3724K [0x73140000, 0x744c0000, 0x9dbc0000)
  object space 19968K, 18% used [0x73140000,0x734e3270,0x744c0000)
 PSPermGen       total 16384K, used 3922K [0x6b140000, 0x6c140000, 0x73140000)
  object space 16384K, 23% used [0x6b140000,0x6b5148b0,0x6c140000)
Event: 3.201 GC heap after
Heap after GC invocations=4 (full 0):
 PSYoungGen      total 16640K, used 1272K [0x9dbc0000, 0x9ed40000, 0xb3140000)
  eden space 15360K, 0% used [0x9dbc0000,0x9dbc0000,0x9eac0000)
  from space 1280K, 99% used [0x9ec00000,0x9ed3e0d0,0x9ed40000)
  to   space 1280K, 0% used [0x9eac0000,0x9eac0000,0x9ec00000)
 ParOldGen       total 19968K, used 5078K [0x73140000, 0x744c0000, 0x9dbc0000)
  object space 19968K, 25% used [0x73140000,0x73635a10,0x744c0000)
 PSPermGen       total 16384K, used 3922K [0x6b140000, 0x6c140000, 0x73140000)
  object space 16384K, 23% used [0x6b140000,0x6b5148b0,0x6c140000)
}
Event: 3.832 GC heap before
{Heap before GC invocations=5 (full 0):
 PSYoungGen      total 16640K, used 16632K [0x9dbc0000, 0x9ed40000, 0xb3140000)
  eden space 15360K, 100% used [0x9dbc0000,0x9eac0000,0x9eac0000)
  from space 1280K, 99% used [0x9ec00000,0x9ed3e0d0,0x9ed40000)
  to   space 1280K, 0% used [0x9eac0000,0x9eac0000,0x9ec00000)
 ParOldGen       total 19968K, used 5078K [0x73140000, 0x744c0000, 0x9dbc0000)
  object space 19968K, 25% used [0x73140000,0x73635a10,0x744c0000)
 PSPermGen       total 16384K, used 3943K [0x6b140000, 0x6c140000, 0x73140000)
  object space 16384K, 24% used [0x6b140000,0x6b519d98,0x6c140000)
Event: 3.849 GC heap after
Heap after GC invocations=5 (full 0):
 PSYoungGen      total 16640K, used 1277K [0x9dbc0000, 0xa00c0000, 0xb3140000)
  eden space 15360K, 0% used [0x9dbc0000,0x9dbc0000,0x9eac0000)
  from space 1280K, 99% used [0x9eac0000,0x9ebff520,0x9ec00000)
  to   space 3584K, 0% used [0x9fd40000,0x9fd40000,0xa00c0000)
 ParOldGen       total 19968K, used 7454K [0x73140000, 0x744c0000, 0x9dbc0000)
  object space 19968K, 37% used [0x73140000,0x73887980,0x744c0000)
 PSPermGen       total 16384K, used 3943K [0x6b140000, 0x6c140000, 0x73140000)
  object space 16384K, 24% used [0x6b140000,0x6b519d98,0x6c140000)
}
Event: 4.385 GC heap before
{Heap before GC invocations=6 (full 0):
 PSYoungGen      total 16640K, used 16637K [0x9dbc0000, 0xa00c0000, 0xb3140000)
  eden space 15360K, 100% used [0x9dbc0000,0x9eac0000,0x9eac0000)
  from space 1280K, 99% used [0x9eac0000,0x9ebff520,0x9ec00000)
  to   space 3584K, 0% used [0x9fd40000,0x9fd40000,0xa00c0000)
 ParOldGen       total 19968K, used 7454K [0x73140000, 0x744c0000, 0x9dbc0000)
  object space 19968K, 37% used [0x73140000,0x73887980,0x744c0000)
 PSPermGen       total 16384K, used 3954K [0x6b140000, 0x6c140000, 0x73140000)
  object space 16384K, 24% used [0x6b140000,0x6b51c8d0,0x6c140000)
Event: 4.427 GC heap after
Heap after GC invocations=6 (full 0):
 PSYoungGen      total 33792K, used 3577K [0x9dbc0000, 0xa01c0000, 0xb3140000)
  eden space 30208K, 0% used [0x9dbc0000,0x9dbc0000,0x9f940000)
  from space 3584K, 99% used [0x9fd40000,0xa00be648,0xa00c0000)
  to   space 4096K, 0% used [0x9f940000,0x9f940000,0x9fd40000)
 ParOldGen       total 19968K, used 7555K [0x73140000, 0x744c0000, 0x9dbc0000)
  object space 19968K, 37% used [0x73140000,0x738a0e70,0x744c0000)
 PSPermGen       total 16384K, used 3954K [0x6b140000, 0x6c140000, 0x73140000)
  object space 16384K, 24% used [0x6b140000,0x6b51c8d0,0x6c140000)
}
Event: 5.196 GC heap before
{Heap before GC invocations=7 (full 0):
 PSYoungGen      total 33792K, used 33785K [0x9dbc0000, 0xa01c0000, 0xb3140000)
  eden space 30208K, 100% used [0x9dbc0000,0x9f940000,0x9f940000)
  from space 3584K, 99% used [0x9fd40000,0xa00be648,0xa00c0000)
  to   space 4096K, 0% used [0x9f940000,0x9f940000,0x9fd40000)
 ParOldGen       total 19968K, used 7555K [0x73140000, 0x744c0000, 0x9dbc0000)
  object space 19968K, 37% used [0x73140000,0x738a0e70,0x744c0000)
 PSPermGen       total 16384K, used 3967K [0x6b140000, 0x6c140000, 0x73140000)
  object space 16384K, 24% used [0x6b140000,0x6b51fd50,0x6c140000)

