# JRE version: OpenJDK Runtime Environment (7.0_75-b13) (build 1.7.0_75-b13)
# Java VM: OpenJDK Server VM (24.75-b04 mixed mode linux-x86 )
Heap
 PSYoungGen      total 104192K, used 914K [0x9dbc0000, 0xa4540000, 0xb3140000)
  eden space 100352K, 0% used [0x9dbc0000,0x9dbc0000,0xa3dc0000)
  from space 3840K, 23% used [0xa3dc0000,0xa3ea4910,0xa4180000)
  to   space 3840K, 0% used [0xa4180000,0xa4180000,0xa4540000)
 ParOldGen       total 19968K, used 10957K [0x73140000, 0x744c0000, 0x9dbc0000)
  object space 19968K, 54% used [0x73140000,0x73bf3508,0x744c0000)
 PSPermGen       total 16384K, used 15899K [0x63140000, 0x64140000, 0x73140000)
  object space 16384K, 97% used [0x63140000,0x640c6dc8,0x64140000)
GC Heap History (10 events):
Event: 18.785 GC heap after
Heap after GC invocations=12 (full 0):
 PSYoungGen      total 43008K, used 176K [0x9dbc0000, 0xa0a40000, 0xb3140000)
  eden space 39168K, 0% used [0x9dbc0000,0x9dbc0000,0xa0200000)
  from space 3840K, 4% used [0xa0600000,0xa062c000,0xa09c0000)
  to   space 4096K, 0% used [0xa0200000,0xa0200000,0xa0600000)
 ParOldGen       total 19968K, used 8465K [0x73140000, 0x744c0000, 0x9dbc0000)
  object space 19968K, 42% used [0x73140000,0x739845c8,0x744c0000)
 PSPermGen       total 16384K, used 14281K [0x63140000, 0x64140000, 0x73140000)
  object space 16384K, 87% used [0x63140000,0x63f325c8,0x64140000)
}
Event: 19.041 GC heap before
{Heap before GC invocations=13 (full 0):
 PSYoungGen      total 43008K, used 39344K [0x9dbc0000, 0xa0a40000, 0xb3140000)
  eden space 39168K, 100% used [0x9dbc0000,0xa0200000,0xa0200000)
  from space 3840K, 4% used [0xa0600000,0xa062c000,0xa09c0000)
  to   space 4096K, 0% used [0xa0200000,0xa0200000,0xa0600000)
 ParOldGen       total 19968K, used 8465K [0x73140000, 0x744c0000, 0x9dbc0000)
  object space 19968K, 42% used [0x73140000,0x739845c8,0x744c0000)
 PSPermGen       total 16384K, used 14283K [0x63140000, 0x64140000, 0x73140000)
  object space 16384K, 87% used [0x63140000,0x63f32e48,0x64140000)
Event: 19.043 GC heap after
Heap after GC invocations=13 (full 0):
 PSYoungGen      total 43264K, used 200K [0x9dbc0000, 0xa2100000, 0xb3140000)
  eden space 39168K, 0% used [0x9dbc0000,0x9dbc0000,0xa0200000)
  from space 4096K, 4% used [0xa0200000,0xa0232010,0xa0600000)
  to   space 4096K, 0% used [0xa1d00000,0xa1d00000,0xa2100000)
 ParOldGen       total 19968K, used 8599K [0x73140000, 0x744c0000, 0x9dbc0000)
  object space 19968K, 43% used [0x73140000,0x739a5e18,0x744c0000)
 PSPermGen       total 16384K, used 14283K [0x63140000, 0x64140000, 0x73140000)
  object space 16384K, 87% used [0x63140000,0x63f32e48,0x64140000)
}
Event: 19.544 GC heap before
{Heap before GC invocations=14 (full 0):
 PSYoungGen      total 43264K, used 39368K [0x9dbc0000, 0xa2100000, 0xb3140000)
  eden space 39168K, 100% used [0x9dbc0000,0xa0200000,0xa0200000)
  from space 4096K, 4% used [0xa0200000,0xa0232010,0xa0600000)
  to   space 4096K, 0% used [0xa1d00000,0xa1d00000,0xa2100000)
 ParOldGen       total 19968K, used 8599K [0x73140000, 0x744c0000, 0x9dbc0000)
  object space 19968K, 43% used [0x73140000,0x739a5e18,0x744c0000)
 PSPermGen       total 16384K, used 14893K [0x63140000, 0x64140000, 0x73140000)
  object space 16384K, 90% used [0x63140000,0x63fcb7f0,0x64140000)
Event: 19.549 GC heap after
Heap after GC invocations=14 (full 0):
 PSYoungGen      total 66816K, used 1380K [0x9dbc0000, 0xa2100000, 0xb3140000)
  eden space 62720K, 0% used [0x9dbc0000,0x9dbc0000,0xa1900000)
  from space 4096K, 33% used [0xa1d00000,0xa1e591e8,0xa2100000)
  to   space 4096K, 0% used [0xa1900000,0xa1900000,0xa1d00000)
 ParOldGen       total 19968K, used 8787K [0x73140000, 0x744c0000, 0x9dbc0000)
  object space 19968K, 44% used [0x73140000,0x739d4e68,0x744c0000)
 PSPermGen       total 16384K, used 14893K [0x63140000, 0x64140000, 0x73140000)
  object space 16384K, 90% used [0x63140000,0x63fcb7f0,0x64140000)
}
Event: 20.649 GC heap before
{Heap before GC invocations=15 (full 0):
 PSYoungGen      total 66816K, used 64100K [0x9dbc0000, 0xa2100000, 0xb3140000)
  eden space 62720K, 100% used [0x9dbc0000,0xa1900000,0xa1900000)
  from space 4096K, 33% used [0xa1d00000,0xa1e591e8,0xa2100000)
  to   space 4096K, 0% used [0xa1900000,0xa1900000,0xa1d00000)
 ParOldGen       total 19968K, used 8787K [0x73140000, 0x744c0000, 0x9dbc0000)
  object space 19968K, 44% used [0x73140000,0x739d4e68,0x744c0000)
 PSPermGen       total 16384K, used 15786K [0x63140000, 0x64140000, 0x73140000)
  object space 16384K, 96% used [0x63140000,0x640aa8c0,0x64140000)
Event: 20.656 GC heap after
Heap after GC invocations=15 (full 0):
 PSYoungGen      total 66816K, used 1579K [0x9dbc0000, 0xa4540000, 0xb3140000)
  eden space 62720K, 0% used [0x9dbc0000,0x9dbc0000,0xa1900000)
  from space 4096K, 38% used [0xa1900000,0xa1a8ae08,0xa1d00000)
  to   space 3840K, 0% used [0xa4180000,0xa4180000,0xa4540000)
 ParOldGen       total 19968K, used 9535K [0x73140000, 0x744c0000, 0x9dbc0000)
  object space 19968K, 47% used [0x73140000,0x73a8fe78,0x744c0000)
 PSPermGen       total 16384K, used 15786K [0x63140000, 0x64140000, 0x73140000)
  object space 16384K, 96% used [0x63140000,0x640aa8c0,0x64140000)
}
Event: 21.034 GC heap before
{Heap before GC invocations=16 (full 0):
 PSYoungGen      total 66816K, used 64299K [0x9dbc0000, 0xa4540000, 0xb3140000)
  eden space 62720K, 100% used [0x9dbc0000,0xa1900000,0xa1900000)
  from space 4096K, 38% used [0xa1900000,0xa1a8ae08,0xa1d00000)
  to   space 3840K, 0% used [0xa4180000,0xa4180000,0xa4540000)
 ParOldGen       total 19968K, used 9535K [0x73140000, 0x744c0000, 0x9dbc0000)
  object space 19968K, 47% used [0x73140000,0x73a8fe78,0x744c0000)
 PSPermGen       total 16384K, used 15795K [0x63140000, 0x64140000, 0x73140000)
  object space 16384K, 96% used [0x63140000,0x640acdd8,0x64140000)
Event: 21.059 GC heap after
Heap after GC invocations=16 (full 0):
 PSYoungGen      total 104192K, used 144K [0x9dbc0000, 0xa4540000, 0xb3140000)
  eden space 100352K, 0% used [0x9dbc0000,0x9dbc0000,0xa3dc0000)
  from space 3840K, 3% used [0xa4180000,0xa41a4000,0xa4540000)
  to   space 3840K, 0% used [0xa3dc0000,0xa3dc0000,0xa4180000)
 ParOldGen       total 19968K, used 10829K [0x73140000, 0x744c0000, 0x9dbc0000)
  object space 19968K, 54% used [0x73140000,0x73bd3508,0x744c0000)
 PSPermGen       total 16384K, used 15795K [0x63140000, 0x64140000, 0x73140000)
  object space 16384K, 96% used [0x63140000,0x640acdd8,0x64140000)
}
Event: 56.412 GC heap before
{Heap before GC invocations=17 (full 0):
 PSYoungGen      total 104192K, used 100496K [0x9dbc0000, 0xa4540000, 0xb3140000)
  eden space 100352K, 100% used [0x9dbc0000,0xa3dc0000,0xa3dc0000)
  from space 3840K, 3% used [0xa4180000,0xa41a4000,0xa4540000)
  to   space 3840K, 0% used [0xa3dc0000,0xa3dc0000,0xa4180000)
 ParOldGen       total 19968K, used 10829K [0x73140000, 0x744c0000, 0x9dbc0000)
  object space 19968K, 54% used [0x73140000,0x73bd3508,0x744c0000)
 PSPermGen       total 16384K, used 15899K [0x63140000, 0x64140000, 0x73140000)
  object space 16384K, 97% used [0x63140000,0x640c6dc8,0x64140000)

