# JRE version: OpenJDK Runtime Environment (7.0_75-b13) (build 1.7.0_75-b13)
# Java VM: OpenJDK Server VM (24.75-b04 mixed mode linux-x86 )
Heap
 PSYoungGen      total 99840K, used 464K [0x9dc80000, 0xa4440000, 0xb3200000)
  eden space 93440K, 0% used [0x9dc80000,0x9dc80000,0xa37c0000)
  from space 6400K, 7% used [0xa37c0000,0xa3834010,0xa3e00000)
  to   space 6144K, 0% used [0xa3e40000,0xa3e40000,0xa4440000)
 ParOldGen       total 19968K, used 12858K [0x73200000, 0x74580000, 0x9dc80000)
  object space 19968K, 64% used [0x73200000,0x73e8eb50,0x74580000)
 PSPermGen       total 16384K, used 15795K [0x63200000, 0x64200000, 0x73200000)
  object space 16384K, 96% used [0x63200000,0x6416cf28,0x64200000)
GC Heap History (10 events):
Event: 6.125 GC heap after
Heap after GC invocations=6 (full 0):
 PSYoungGen      total 33024K, used 3568K [0x9dc80000, 0xa0400000, 0xb3200000)
  eden space 29440K, 0% used [0x9dc80000,0x9dc80000,0x9f940000)
  from space 3584K, 99% used [0x9fe00000,0xa017c1e8,0xa0180000)
  to   space 4864K, 0% used [0x9f940000,0x9f940000,0x9fe00000)
 ParOldGen       total 19968K, used 5616K [0x73200000, 0x74580000, 0x9dc80000)
  object space 19968K, 28% used [0x73200000,0x7377c028,0x74580000)
 PSPermGen       total 16384K, used 10541K [0x63200000, 0x64200000, 0x73200000)
  object space 16384K, 64% used [0x63200000,0x63c4b720,0x64200000)
}
Event: 8.500 GC heap before
{Heap before GC invocations=7 (full 0):
 PSYoungGen      total 33024K, used 33008K [0x9dc80000, 0xa0400000, 0xb3200000)
  eden space 29440K, 100% used [0x9dc80000,0x9f940000,0x9f940000)
  from space 3584K, 99% used [0x9fe00000,0xa017c1e8,0xa0180000)
  to   space 4864K, 0% used [0x9f940000,0x9f940000,0x9fe00000)
 ParOldGen       total 19968K, used 5616K [0x73200000, 0x74580000, 0x9dc80000)
  object space 19968K, 28% used [0x73200000,0x7377c028,0x74580000)
 PSPermGen       total 16384K, used 12592K [0x63200000, 0x64200000, 0x73200000)
  object space 16384K, 76% used [0x63200000,0x63e4c0c8,0x64200000)
Event: 8.519 GC heap after
Heap after GC invocations=7 (full 0):
 PSYoungGen      total 34304K, used 4853K [0x9dc80000, 0xa2280000, 0xb3200000)
  eden space 29440K, 0% used [0x9dc80000,0x9dc80000,0x9f940000)
  from space 4864K, 99% used [0x9f940000,0x9fdfd678,0x9fe00000)
  to   space 6400K, 0% used [0xa1c40000,0xa1c40000,0xa2280000)
 ParOldGen       total 19968K, used 6838K [0x73200000, 0x74580000, 0x9dc80000)
  object space 19968K, 34% used [0x73200000,0x738adb88,0x74580000)
 PSPermGen       total 16384K, used 12592K [0x63200000, 0x64200000, 0x73200000)
  object space 16384K, 76% used [0x63200000,0x63e4c0c8,0x64200000)
}
Event: 9.649 GC heap before
{Heap before GC invocations=8 (full 0):
 PSYoungGen      total 34304K, used 34293K [0x9dc80000, 0xa2280000, 0xb3200000)
  eden space 29440K, 100% used [0x9dc80000,0x9f940000,0x9f940000)
  from space 4864K, 99% used [0x9f940000,0x9fdfd678,0x9fe00000)
  to   space 6400K, 0% used [0xa1c40000,0xa1c40000,0xa2280000)
 ParOldGen       total 19968K, used 6838K [0x73200000, 0x74580000, 0x9dc80000)
  object space 19968K, 34% used [0x73200000,0x738adb88,0x74580000)
 PSPermGen       total 16384K, used 14277K [0x63200000, 0x64200000, 0x73200000)
  object space 16384K, 87% used [0x63200000,0x63ff1578,0x64200000)
Event: 9.703 GC heap after
Heap after GC invocations=8 (full 0):
 PSYoungGen      total 64768K, used 5251K [0x9dc80000, 0xa2380000, 0xb3200000)
  eden space 58368K, 0% used [0x9dc80000,0x9dc80000,0xa1580000)
  from space 6400K, 82% used [0xa1c40000,0xa2160ea0,0xa2280000)
  to   space 6912K, 0% used [0xa1580000,0xa1580000,0xa1c40000)
 ParOldGen       total 19968K, used 7191K [0x73200000, 0x74580000, 0x9dc80000)
  object space 19968K, 36% used [0x73200000,0x73905c08,0x74580000)
 PSPermGen       total 16384K, used 14277K [0x63200000, 0x64200000, 0x73200000)
  object space 16384K, 87% used [0x63200000,0x63ff1578,0x64200000)
}
Event: 10.146 GC heap before
{Heap before GC invocations=9 (full 0):
 PSYoungGen      total 64768K, used 63619K [0x9dc80000, 0xa2380000, 0xb3200000)
  eden space 58368K, 100% used [0x9dc80000,0xa1580000,0xa1580000)
  from space 6400K, 82% used [0xa1c40000,0xa2160ea0,0xa2280000)
  to   space 6912K, 0% used [0xa1580000,0xa1580000,0xa1c40000)
 ParOldGen       total 19968K, used 7191K [0x73200000, 0x74580000, 0x9dc80000)
  object space 19968K, 36% used [0x73200000,0x73905c08,0x74580000)
 PSPermGen       total 16384K, used 14281K [0x63200000, 0x64200000, 0x73200000)
  object space 16384K, 87% used [0x63200000,0x63ff27f8,0x64200000)
Event: 10.172 GC heap after
Heap after GC invocations=9 (full 0):
 PSYoungGen      total 65280K, used 2167K [0x9dc80000, 0xa44c0000, 0xb3200000)
  eden space 58368K, 0% used [0x9dc80000,0x9dc80000,0xa1580000)
  from space 6912K, 31% used [0xa1580000,0xa179dd30,0xa1c40000)
  to   space 6656K, 0% used [0xa3e40000,0xa3e40000,0xa44c0000)
 ParOldGen       total 19968K, used 9015K [0x73200000, 0x74580000, 0x9dc80000)
  object space 19968K, 45% used [0x73200000,0x73acdd00,0x74580000)
 PSPermGen       total 16384K, used 14281K [0x63200000, 0x64200000, 0x73200000)
  object space 16384K, 87% used [0x63200000,0x63ff27f8,0x64200000)
}
Event: 11.310 GC heap before
{Heap before GC invocations=10 (full 0):
 PSYoungGen      total 65280K, used 60535K [0x9dc80000, 0xa44c0000, 0xb3200000)
  eden space 58368K, 100% used [0x9dc80000,0xa1580000,0xa1580000)
  from space 6912K, 31% used [0xa1580000,0xa179dd30,0xa1c40000)
  to   space 6656K, 0% used [0xa3e40000,0xa3e40000,0xa44c0000)
 ParOldGen       total 19968K, used 9015K [0x73200000, 0x74580000, 0x9dc80000)
  object space 19968K, 45% used [0x73200000,0x73acdd00,0x74580000)
 PSPermGen       total 16384K, used 15780K [0x63200000, 0x64200000, 0x73200000)
  object space 16384K, 96% used [0x63200000,0x64169188,0x64200000)
Event: 11.357 GC heap after
Heap after GC invocations=10 (full 0):
 PSYoungGen      total 99584K, used 2928K [0x9dc80000, 0xa4440000, 0xb3200000)
  eden space 93440K, 0% used [0x9dc80000,0x9dc80000,0xa37c0000)
  from space 6144K, 47% used [0xa3e40000,0xa411c070,0xa4440000)
  to   space 6400K, 0% used [0xa37c0000,0xa37c0000,0xa3e00000)
 ParOldGen       total 19968K, used 10870K [0x73200000, 0x74580000, 0x9dc80000)
  object space 19968K, 54% used [0x73200000,0x73c9d850,0x74580000)
 PSPermGen       total 16384K, used 15780K [0x63200000, 0x64200000, 0x73200000)
  object space 16384K, 96% used [0x63200000,0x64169188,0x64200000)
}
Event: 12.134 GC heap before
{Heap before GC invocations=11 (full 0):
 PSYoungGen      total 99584K, used 96368K [0x9dc80000, 0xa4440000, 0xb3200000)
  eden space 93440K, 100% used [0x9dc80000,0xa37c0000,0xa37c0000)
  from space 6144K, 47% used [0xa3e40000,0xa411c070,0xa4440000)
  to   space 6400K, 0% used [0xa37c0000,0xa37c0000,0xa3e00000)
 ParOldGen       total 19968K, used 10870K [0x73200000, 0x74580000, 0x9dc80000)
  object space 19968K, 54% used [0x73200000,0x73c9d850,0x74580000)
 PSPermGen       total 16384K, used 15795K [0x63200000, 0x64200000, 0x73200000)
  object space 16384K, 96% used [0x63200000,0x6416cf28,0x64200000)

