# JRE version: OpenJDK Runtime Environment (7.0_75-b13) (build 1.7.0_75-b13)
# Java VM: OpenJDK Server VM (24.75-b04 mixed mode linux-x86 )
Heap
 PSYoungGen      total 103424K, used 608K [0x9dbc0000, 0xa44c0000, 0xb3140000)
  eden space 99328K, 0% used [0x9dbc0000,0x9dbc0000,0xa3cc0000)
  from space 4096K, 14% used [0xa3cc0000,0xa3d58050,0xa40c0000)
  to   space 4096K, 0% used [0xa40c0000,0xa40c0000,0xa44c0000)
 ParOldGen       total 19968K, used 10799K [0x73140000, 0x744c0000, 0x9dbc0000)
  object space 19968K, 54% used [0x73140000,0x73bcbff0,0x744c0000)
 PSPermGen       total 16384K, used 15811K [0x63140000, 0x64140000, 0x73140000)
  object space 16384K, 96% used [0x63140000,0x640b0c10,0x64140000)
GC Heap History (10 events):
Event: 12.086 GC heap after
Heap after GC invocations=12 (full 0):
 PSYoungGen      total 42496K, used 176K [0x9dbc0000, 0xa09c0000, 0xb3140000)
  eden space 38656K, 0% used [0x9dbc0000,0x9dbc0000,0xa0180000)
  from space 3840K, 4% used [0xa0580000,0xa05ac000,0xa0940000)
  to   space 4096K, 0% used [0xa0180000,0xa0180000,0xa0580000)
 ParOldGen       total 19968K, used 8311K [0x73140000, 0x744c0000, 0x9dbc0000)
  object space 19968K, 41% used [0x73140000,0x7395dc28,0x744c0000)
 PSPermGen       total 16384K, used 14283K [0x63140000, 0x64140000, 0x73140000)
  object space 16384K, 87% used [0x63140000,0x63f32cf0,0x64140000)
}
Event: 12.370 GC heap before
{Heap before GC invocations=13 (full 0):
 PSYoungGen      total 42496K, used 38832K [0x9dbc0000, 0xa09c0000, 0xb3140000)
  eden space 38656K, 100% used [0x9dbc0000,0xa0180000,0xa0180000)
  from space 3840K, 4% used [0xa0580000,0xa05ac000,0xa0940000)
  to   space 4096K, 0% used [0xa0180000,0xa0180000,0xa0580000)
 ParOldGen       total 19968K, used 8311K [0x73140000, 0x744c0000, 0x9dbc0000)
  object space 19968K, 41% used [0x73140000,0x7395dc28,0x744c0000)
 PSPermGen       total 16384K, used 14286K [0x63140000, 0x64140000, 0x73140000)
  object space 16384K, 87% used [0x63140000,0x63f339b0,0x64140000)
Event: 12.372 GC heap after
Heap after GC invocations=13 (full 0):
 PSYoungGen      total 42752K, used 216K [0x9dbc0000, 0xa2040000, 0xb3140000)
  eden space 38656K, 0% used [0x9dbc0000,0x9dbc0000,0xa0180000)
  from space 4096K, 5% used [0xa0180000,0xa01b6010,0xa0580000)
  to   space 4096K, 0% used [0xa1c40000,0xa1c40000,0xa2040000)
 ParOldGen       total 19968K, used 8449K [0x73140000, 0x744c0000, 0x9dbc0000)
  object space 19968K, 42% used [0x73140000,0x73980498,0x744c0000)
 PSPermGen       total 16384K, used 14286K [0x63140000, 0x64140000, 0x73140000)
  object space 16384K, 87% used [0x63140000,0x63f339b0,0x64140000)
}
Event: 12.773 GC heap before
{Heap before GC invocations=14 (full 0):
 PSYoungGen      total 42752K, used 38872K [0x9dbc0000, 0xa2040000, 0xb3140000)
  eden space 38656K, 100% used [0x9dbc0000,0xa0180000,0xa0180000)
  from space 4096K, 5% used [0xa0180000,0xa01b6010,0xa0580000)
  to   space 4096K, 0% used [0xa1c40000,0xa1c40000,0xa2040000)
 ParOldGen       total 19968K, used 8449K [0x73140000, 0x744c0000, 0x9dbc0000)
  object space 19968K, 42% used [0x73140000,0x73980498,0x744c0000)
 PSPermGen       total 16384K, used 14515K [0x63140000, 0x64140000, 0x73140000)
  object space 16384K, 88% used [0x63140000,0x63f6cf20,0x64140000)
Event: 12.777 GC heap after
Heap after GC invocations=14 (full 0):
 PSYoungGen      total 66048K, used 786K [0x9dbc0000, 0xa2040000, 0xb3140000)
  eden space 61952K, 0% used [0x9dbc0000,0x9dbc0000,0xa1840000)
  from space 4096K, 19% used [0xa1c40000,0xa1d049a0,0xa2040000)
  to   space 4096K, 0% used [0xa1840000,0xa1840000,0xa1c40000)
 ParOldGen       total 19968K, used 8633K [0x73140000, 0x744c0000, 0x9dbc0000)
  object space 19968K, 43% used [0x73140000,0x739ae4e8,0x744c0000)
 PSPermGen       total 16384K, used 14515K [0x63140000, 0x64140000, 0x73140000)
  object space 16384K, 88% used [0x63140000,0x63f6cf20,0x64140000)
}
Event: 13.906 GC heap before
{Heap before GC invocations=15 (full 0):
 PSYoungGen      total 66048K, used 62738K [0x9dbc0000, 0xa2040000, 0xb3140000)
  eden space 61952K, 100% used [0x9dbc0000,0xa1840000,0xa1840000)
  from space 4096K, 19% used [0xa1c40000,0xa1d049a0,0xa2040000)
  to   space 4096K, 0% used [0xa1840000,0xa1840000,0xa1c40000)
 ParOldGen       total 19968K, used 8633K [0x73140000, 0x744c0000, 0x9dbc0000)
  object space 19968K, 43% used [0x73140000,0x739ae4e8,0x744c0000)
 PSPermGen       total 16384K, used 15789K [0x63140000, 0x64140000, 0x73140000)
  object space 16384K, 96% used [0x63140000,0x640ab588,0x64140000)
Event: 13.915 GC heap after
Heap after GC invocations=15 (full 0):
 PSYoungGen      total 66048K, used 2194K [0x9dbc0000, 0xa44c0000, 0xb3140000)
  eden space 61952K, 0% used [0x9dbc0000,0x9dbc0000,0xa1840000)
  from space 4096K, 53% used [0xa1840000,0xa1a64878,0xa1c40000)
  to   space 4096K, 0% used [0xa40c0000,0xa40c0000,0xa44c0000)
 ParOldGen       total 19968K, used 9129K [0x73140000, 0x744c0000, 0x9dbc0000)
  object space 19968K, 45% used [0x73140000,0x73a2a4f8,0x744c0000)
 PSPermGen       total 16384K, used 15789K [0x63140000, 0x64140000, 0x73140000)
  object space 16384K, 96% used [0x63140000,0x640ab588,0x64140000)
}
Event: 14.307 GC heap before
{Heap before GC invocations=16 (full 0):
 PSYoungGen      total 66048K, used 64146K [0x9dbc0000, 0xa44c0000, 0xb3140000)
  eden space 61952K, 100% used [0x9dbc0000,0xa1840000,0xa1840000)
  from space 4096K, 53% used [0xa1840000,0xa1a64878,0xa1c40000)
  to   space 4096K, 0% used [0xa40c0000,0xa40c0000,0xa44c0000)
 ParOldGen       total 19968K, used 9129K [0x73140000, 0x744c0000, 0x9dbc0000)
  object space 19968K, 45% used [0x73140000,0x73a2a4f8,0x744c0000)
 PSPermGen       total 16384K, used 15800K [0x63140000, 0x64140000, 0x73140000)
  object space 16384K, 96% used [0x63140000,0x640ae280,0x64140000)
Event: 14.316 GC heap after
Heap after GC invocations=16 (full 0):
 PSYoungGen      total 103424K, used 144K [0x9dbc0000, 0xa44c0000, 0xb3140000)
  eden space 99328K, 0% used [0x9dbc0000,0x9dbc0000,0xa3cc0000)
  from space 4096K, 3% used [0xa40c0000,0xa40e4000,0xa44c0000)
  to   space 4096K, 0% used [0xa3cc0000,0xa3cc0000,0xa40c0000)
 ParOldGen       total 19968K, used 10667K [0x73140000, 0x744c0000, 0x9dbc0000)
  object space 19968K, 53% used [0x73140000,0x73baaff0,0x744c0000)
 PSPermGen       total 16384K, used 15800K [0x63140000, 0x64140000, 0x73140000)
  object space 16384K, 96% used [0x63140000,0x640ae280,0x64140000)
}
Event: 15.059 GC heap before
{Heap before GC invocations=17 (full 0):
 PSYoungGen      total 103424K, used 99472K [0x9dbc0000, 0xa44c0000, 0xb3140000)
  eden space 99328K, 100% used [0x9dbc0000,0xa3cc0000,0xa3cc0000)
  from space 4096K, 3% used [0xa40c0000,0xa40e4000,0xa44c0000)
  to   space 4096K, 0% used [0xa3cc0000,0xa3cc0000,0xa40c0000)
 ParOldGen       total 19968K, used 10667K [0x73140000, 0x744c0000, 0x9dbc0000)
  object space 19968K, 53% used [0x73140000,0x73baaff0,0x744c0000)
 PSPermGen       total 16384K, used 15811K [0x63140000, 0x64140000, 0x73140000)
  object space 16384K, 96% used [0x63140000,0x640b0c10,0x64140000)

