# JRE version: OpenJDK Runtime Environment (7.0_75-b13) (build 1.7.0_75-b13)
# Java VM: OpenJDK Server VM (24.75-b04 mixed mode linux-x86 )
Heap
 PSYoungGen      total 64768K, used 62489K [0x9dbc0000, 0xa2740000, 0xb3140000)
  eden space 58368K, 96% used [0x9dbc0000,0xa1289570,0xa14c0000)
  from space 6400K, 99% used [0xa1d00000,0xa233cec0,0xa2340000)
  to   space 8448K, 0% used [0xa14c0000,0xa14c0000,0xa1d00000)
 ParOldGen       total 19968K, used 14107K [0x73140000, 0x744c0000, 0x9dbc0000)
  object space 19968K, 70% used [0x73140000,0x73f06f98,0x744c0000)
 PSPermGen       total 16384K, used 4032K [0x6b140000, 0x6c140000, 0x73140000)
  object space 16384K, 24% used [0x6b140000,0x6b530000,0x6c140000)
GC Heap History (10 events):
Event: 5.456 GC heap before
{Heap before GC invocations=4 (full 0):
 PSYoungGen      total 8960K, used 8952K [0x9dbc0000, 0x9ed40000, 0xb3140000)
  eden space 7680K, 100% used [0x9dbc0000,0x9e340000,0x9e340000)
  from space 1280K, 99% used [0x9e340000,0x9e47e060,0x9e480000)
  to   space 1280K, 0% used [0x9ec00000,0x9ec00000,0x9ed40000)
 ParOldGen       total 19968K, used 3544K [0x73140000, 0x744c0000, 0x9dbc0000)
  object space 19968K, 17% used [0x73140000,0x734b6240,0x744c0000)
 PSPermGen       total 16384K, used 3934K [0x6b140000, 0x6c140000, 0x73140000)
  object space 16384K, 24% used [0x6b140000,0x6b517b20,0x6c140000)
Event: 5.470 GC heap after
Heap after GC invocations=4 (full 0):
 PSYoungGen      total 16640K, used 1272K [0x9dbc0000, 0x9ed40000, 0xb3140000)
  eden space 15360K, 0% used [0x9dbc0000,0x9dbc0000,0x9eac0000)
  from space 1280K, 99% used [0x9ec00000,0x9ed3e060,0x9ed40000)
  to   space 1280K, 0% used [0x9eac0000,0x9eac0000,0x9ec00000)
 ParOldGen       total 19968K, used 4919K [0x73140000, 0x744c0000, 0x9dbc0000)
  object space 19968K, 24% used [0x73140000,0x7360dec0,0x744c0000)
 PSPermGen       total 16384K, used 3934K [0x6b140000, 0x6c140000, 0x73140000)
  object space 16384K, 24% used [0x6b140000,0x6b517b20,0x6c140000)
}
Event: 6.352 GC heap before
{Heap before GC invocations=5 (full 0):
 PSYoungGen      total 16640K, used 16632K [0x9dbc0000, 0x9ed40000, 0xb3140000)
  eden space 15360K, 100% used [0x9dbc0000,0x9eac0000,0x9eac0000)
  from space 1280K, 99% used [0x9ec00000,0x9ed3e060,0x9ed40000)
  to   space 1280K, 0% used [0x9eac0000,0x9eac0000,0x9ec00000)
 ParOldGen       total 19968K, used 4919K [0x73140000, 0x744c0000, 0x9dbc0000)
  object space 19968K, 24% used [0x73140000,0x7360dec0,0x744c0000)
 PSPermGen       total 16384K, used 3957K [0x6b140000, 0x6c140000, 0x73140000)
  object space 16384K, 24% used [0x6b140000,0x6b51d7a8,0x6c140000)
Event: 6.366 GC heap after
Heap after GC invocations=5 (full 0):
 PSYoungGen      total 16640K, used 1269K [0x9dbc0000, 0xa0040000, 0xb3140000)
  eden space 15360K, 0% used [0x9dbc0000,0x9dbc0000,0x9eac0000)
  from space 1280K, 99% used [0x9eac0000,0x9ebfd6e0,0x9ec00000)
  to   space 3328K, 0% used [0x9fd00000,0x9fd00000,0xa0040000)
 ParOldGen       total 19968K, used 6890K [0x73140000, 0x744c0000, 0x9dbc0000)
  object space 19968K, 34% used [0x73140000,0x737faaf8,0x744c0000)
 PSPermGen       total 16384K, used 3957K [0x6b140000, 0x6c140000, 0x73140000)
  object space 16384K, 24% used [0x6b140000,0x6b51d7a8,0x6c140000)
}
Event: 7.310 GC heap before
{Heap before GC invocations=6 (full 0):
 PSYoungGen      total 16640K, used 16629K [0x9dbc0000, 0xa0040000, 0xb3140000)
  eden space 15360K, 100% used [0x9dbc0000,0x9eac0000,0x9eac0000)
  from space 1280K, 99% used [0x9eac0000,0x9ebfd6e0,0x9ec00000)
  to   space 3328K, 0% used [0x9fd00000,0x9fd00000,0xa0040000)
 ParOldGen       total 19968K, used 6890K [0x73140000, 0x744c0000, 0x9dbc0000)
  object space 19968K, 34% used [0x73140000,0x737faaf8,0x744c0000)
 PSPermGen       total 16384K, used 3975K [0x6b140000, 0x6c140000, 0x73140000)
  object space 16384K, 24% used [0x6b140000,0x6b521cf0,0x6c140000)
Event: 7.440 GC heap after
Heap after GC invocations=6 (full 0):
 PSYoungGen      total 33536K, used 3323K [0x9dbc0000, 0xa0140000, 0xb3140000)
  eden space 30208K, 0% used [0x9dbc0000,0x9dbc0000,0x9f940000)
  from space 3328K, 99% used [0x9fd00000,0xa003eff0,0xa0040000)
  to   space 3840K, 0% used [0x9f940000,0x9f940000,0x9fd00000)
 ParOldGen       total 19968K, used 7176K [0x73140000, 0x744c0000, 0x9dbc0000)
  object space 19968K, 35% used [0x73140000,0x73842328,0x744c0000)
 PSPermGen       total 16384K, used 3975K [0x6b140000, 0x6c140000, 0x73140000)
  object space 16384K, 24% used [0x6b140000,0x6b521cf0,0x6c140000)
}
Event: 14.175 GC heap before
{Heap before GC invocations=7 (full 0):
 PSYoungGen      total 33536K, used 33531K [0x9dbc0000, 0xa0140000, 0xb3140000)
  eden space 30208K, 100% used [0x9dbc0000,0x9f940000,0x9f940000)
  from space 3328K, 99% used [0x9fd00000,0xa003eff0,0xa0040000)
  to   space 3840K, 0% used [0x9f940000,0x9f940000,0x9fd00000)
 ParOldGen       total 19968K, used 7176K [0x73140000, 0x744c0000, 0x9dbc0000)
  object space 19968K, 35% used [0x73140000,0x73842328,0x744c0000)
 PSPermGen       total 16384K, used 3998K [0x6b140000, 0x6c140000, 0x73140000)
  object space 16384K, 24% used [0x6b140000,0x6b527ac8,0x6c140000)
Event: 16.045 GC heap after
Heap after GC invocations=7 (full 0):
 PSYoungGen      total 34048K, used 3833K [0x9dbc0000, 0xa2340000, 0xb3140000)
  eden space 30208K, 0% used [0x9dbc0000,0x9dbc0000,0x9f940000)
  from space 3840K, 99% used [0x9f940000,0x9fcfe6a0,0x9fd00000)
  to   space 6400K, 0% used [0xa1d00000,0xa1d00000,0xa2340000)
 ParOldGen       total 19968K, used 11434K [0x73140000, 0x744c0000, 0x9dbc0000)
  object space 19968K, 57% used [0x73140000,0x73c6aa98,0x744c0000)
 PSPermGen       total 16384K, used 3998K [0x6b140000, 0x6c140000, 0x73140000)
  object space 16384K, 24% used [0x6b140000,0x6b527ac8,0x6c140000)
}
Event: 32.388 GC heap before
{Heap before GC invocations=8 (full 0):
 PSYoungGen      total 34048K, used 34041K [0x9dbc0000, 0xa2340000, 0xb3140000)
  eden space 30208K, 100% used [0x9dbc0000,0x9f940000,0x9f940000)
  from space 3840K, 99% used [0x9f940000,0x9fcfe6a0,0x9fd00000)
  to   space 6400K, 0% used [0xa1d00000,0xa1d00000,0xa2340000)
 ParOldGen       total 19968K, used 11434K [0x73140000, 0x744c0000, 0x9dbc0000)
  object space 19968K, 57% used [0x73140000,0x73c6aa98,0x744c0000)
 PSPermGen       total 16384K, used 4016K [0x6b140000, 0x6c140000, 0x73140000)
  object space 16384K, 24% used [0x6b140000,0x6b52c268,0x6c140000)
Event: 35.130 GC heap after
Heap after GC invocations=8 (full 0):
 PSYoungGen      total 64768K, used 6387K [0x9dbc0000, 0xa2740000, 0xb3140000)
  eden space 58368K, 0% used [0x9dbc0000,0x9dbc0000,0xa14c0000)
  from space 6400K, 99% used [0xa1d00000,0xa233cec0,0xa2340000)
  to   space 8448K, 0% used [0xa14c0000,0xa14c0000,0xa1d00000)
 ParOldGen       total 19968K, used 14107K [0x73140000, 0x744c0000, 0x9dbc0000)
  object space 19968K, 70% used [0x73140000,0x73f06f98,0x744c0000)
 PSPermGen       total 16384K, used 4016K [0x6b140000, 0x6c140000, 0x73140000)
  object space 16384K, 24% used [0x6b140000,0x6b52c268,0x6c140000)
}

