# JRE version: OpenJDK Runtime Environment (7.0_75-b13) (build 1.7.0_75-b13)
# Java VM: OpenJDK Server VM (24.75-b04 mixed mode linux-x86 )
Heap
 PSYoungGen      total 16640K, used 1265K [0x9dbc0000, 0x9ed40000, 0xb3140000)
  eden space 15360K, 0% used [0x9dbc0000,0x9dbc0000,0x9eac0000)
  from space 1280K, 98% used [0x9eac0000,0x9ebfc790,0x9ec00000)
  to   space 1280K, 0% used [0x9ec00000,0x9ec00000,0x9ed40000)
 ParOldGen       total 19968K, used 7519K [0x73140000, 0x744c0000, 0x9dbc0000)
  object space 19968K, 37% used [0x73140000,0x73897e78,0x744c0000)
 PSPermGen       total 16384K, used 3963K [0x6b140000, 0x6c140000, 0x73140000)
  object space 16384K, 24% used [0x6b140000,0x6b51ec70,0x6c140000)
GC Heap History (9 events):
Event: 2.061 GC heap before
{Heap before GC invocations=1 (full 0):
 PSYoungGen      total 8960K, used 7680K [0x9dbc0000, 0x9e5c0000, 0xb3140000)
  eden space 7680K, 100% used [0x9dbc0000,0x9e340000,0x9e340000)
  from space 1280K, 0% used [0x9e480000,0x9e480000,0x9e5c0000)
  to   space 1280K, 0% used [0x9e340000,0x9e340000,0x9e480000)
 ParOldGen       total 19968K, used 0K [0x73140000, 0x744c0000, 0x9dbc0000)
  object space 19968K, 0% used [0x73140000,0x73140000,0x744c0000)
 PSPermGen       total 16384K, used 3733K [0x6b140000, 0x6c140000, 0x73140000)
  object space 16384K, 22% used [0x6b140000,0x6b4e5458,0x6c140000)
Event: 2.070 GC heap after
Heap after GC invocations=1 (full 0):
 PSYoungGen      total 8960K, used 1264K [0x9dbc0000, 0x9e5c0000, 0xb3140000)
  eden space 7680K, 0% used [0x9dbc0000,0x9dbc0000,0x9e340000)
  from space 1280K, 98% used [0x9e340000,0x9e47c070,0x9e480000)
  to   space 1280K, 0% used [0x9e480000,0x9e480000,0x9e5c0000)
 ParOldGen       total 19968K, used 1334K [0x73140000, 0x744c0000, 0x9dbc0000)
  object space 19968K, 6% used [0x73140000,0x7328d858,0x744c0000)
 PSPermGen       total 16384K, used 3733K [0x6b140000, 0x6c140000, 0x73140000)
  object space 16384K, 22% used [0x6b140000,0x6b4e5458,0x6c140000)
}
Event: 2.949 GC heap before
{Heap before GC invocations=2 (full 0):
 PSYoungGen      total 8960K, used 8944K [0x9dbc0000, 0x9e5c0000, 0xb3140000)
  eden space 7680K, 100% used [0x9dbc0000,0x9e340000,0x9e340000)
  from space 1280K, 98% used [0x9e340000,0x9e47c070,0x9e480000)
  to   space 1280K, 0% used [0x9e480000,0x9e480000,0x9e5c0000)
 ParOldGen       total 19968K, used 1334K [0x73140000, 0x744c0000, 0x9dbc0000)
  object space 19968K, 6% used [0x73140000,0x7328d858,0x744c0000)
 PSPermGen       total 16384K, used 3847K [0x6b140000, 0x6c140000, 0x73140000)
  object space 16384K, 23% used [0x6b140000,0x6b501eb8,0x6c140000)
Event: 2.975 GC heap after
Heap after GC invocations=2 (full 0):
 PSYoungGen      total 8960K, used 1266K [0x9dbc0000, 0x9ed40000, 0xb3140000)
  eden space 7680K, 0% used [0x9dbc0000,0x9dbc0000,0x9e340000)
  from space 1280K, 98% used [0x9e480000,0x9e5bc988,0x9e5c0000)
  to   space 1280K, 0% used [0x9e340000,0x9e340000,0x9e480000)
 ParOldGen       total 19968K, used 2565K [0x73140000, 0x744c0000, 0x9dbc0000)
  object space 19968K, 12% used [0x73140000,0x733c1500,0x744c0000)
 PSPermGen       total 16384K, used 3847K [0x6b140000, 0x6c140000, 0x73140000)
  object space 16384K, 23% used [0x6b140000,0x6b501eb8,0x6c140000)
}
Event: 3.816 GC heap before
{Heap before GC invocations=3 (full 0):
 PSYoungGen      total 8960K, used 8946K [0x9dbc0000, 0x9ed40000, 0xb3140000)
  eden space 7680K, 100% used [0x9dbc0000,0x9e340000,0x9e340000)
  from space 1280K, 98% used [0x9e480000,0x9e5bc988,0x9e5c0000)
  to   space 1280K, 0% used [0x9e340000,0x9e340000,0x9e480000)
 ParOldGen       total 19968K, used 2565K [0x73140000, 0x744c0000, 0x9dbc0000)
  object space 19968K, 12% used [0x73140000,0x733c1500,0x744c0000)
 PSPermGen       total 16384K, used 3915K [0x6b140000, 0x6c140000, 0x73140000)
  object space 16384K, 23% used [0x6b140000,0x6b512fb0,0x6c140000)
Event: 3.884 GC heap after
Heap after GC invocations=3 (full 0):
 PSYoungGen      total 8960K, used 1275K [0x9dbc0000, 0x9ed40000, 0xb3140000)
  eden space 7680K, 0% used [0x9dbc0000,0x9dbc0000,0x9e340000)
  from space 1280K, 99% used [0x9e340000,0x9e47ed28,0x9e480000)
  to   space 1280K, 0% used [0x9ec00000,0x9ec00000,0x9ed40000)
 ParOldGen       total 19968K, used 3571K [0x73140000, 0x744c0000, 0x9dbc0000)
  object space 19968K, 17% used [0x73140000,0x734bcd70,0x744c0000)
 PSPermGen       total 16384K, used 3915K [0x6b140000, 0x6c140000, 0x73140000)
  object space 16384K, 23% used [0x6b140000,0x6b512fb0,0x6c140000)
}
Event: 4.840 GC heap before
{Heap before GC invocations=4 (full 0):
 PSYoungGen      total 8960K, used 8955K [0x9dbc0000, 0x9ed40000, 0xb3140000)
  eden space 7680K, 100% used [0x9dbc0000,0x9e340000,0x9e340000)
  from space 1280K, 99% used [0x9e340000,0x9e47ed28,0x9e480000)
  to   space 1280K, 0% used [0x9ec00000,0x9ec00000,0x9ed40000)
 ParOldGen       total 19968K, used 3571K [0x73140000, 0x744c0000, 0x9dbc0000)
  object space 19968K, 17% used [0x73140000,0x734bcd70,0x744c0000)
 PSPermGen       total 16384K, used 3940K [0x6b140000, 0x6c140000, 0x73140000)
  object space 16384K, 24% used [0x6b140000,0x6b519158,0x6c140000)
Event: 4.864 GC heap after
Heap after GC invocations=4 (full 0):
 PSYoungGen      total 16640K, used 1277K [0x9dbc0000, 0x9ed40000, 0xb3140000)
  eden space 15360K, 0% used [0x9dbc0000,0x9dbc0000,0x9eac0000)
  from space 1280K, 99% used [0x9ec00000,0x9ed3f4a0,0x9ed40000)
  to   space 1280K, 0% used [0x9eac0000,0x9eac0000,0x9ec00000)
 ParOldGen       total 19968K, used 4866K [0x73140000, 0x744c0000, 0x9dbc0000)
  object space 19968K, 24% used [0x73140000,0x73600870,0x744c0000)
 PSPermGen       total 16384K, used 3940K [0x6b140000, 0x6c140000, 0x73140000)
  object space 16384K, 24% used [0x6b140000,0x6b519158,0x6c140000)
}
Event: 6.904 GC heap before
{Heap before GC invocations=5 (full 0):
 PSYoungGen      total 16640K, used 16637K [0x9dbc0000, 0x9ed40000, 0xb3140000)
  eden space 15360K, 100% used [0x9dbc0000,0x9eac0000,0x9eac0000)
  from space 1280K, 99% used [0x9ec00000,0x9ed3f4a0,0x9ed40000)
  to   space 1280K, 0% used [0x9eac0000,0x9eac0000,0x9ec00000)
 ParOldGen       total 19968K, used 4866K [0x73140000, 0x744c0000, 0x9dbc0000)
  object space 19968K, 24% used [0x73140000,0x73600870,0x744c0000)
 PSPermGen       total 16384K, used 3963K [0x6b140000, 0x6c140000, 0x73140000)
  object space 16384K, 24% used [0x6b140000,0x6b51ec70,0x6c140000)

